WRN 2026-05-30T18:18:29.616 c/nvim.16030.0 server_start:197: Failed to start server: operation not permitted: /var/folders/g0/bqjxrwx50m155kl096cb26l40000gn/T/nvim.nematatu/wieTjA/nvim.17349.0
WRN 2026-05-30T18:18:29.616 c/nvim.16030.0 server_start:197: Failed to start server: operation not permitted: /var/folders/g0/bqjxrwx50m155kl096cb26l40000gn/T/nvim.nematatu/GHBzcF/nvim.17348.0
WRN 2026-05-30T18:18:41.703 c/nvim.16030.0 server_start:197: Failed to start server: operation not permitted: /var/folders/g0/bqjxrwx50m155kl096cb26l40000gn/T/nvim.nematatu/NUqtOa/nvim.17497.0
WRN 2026-05-30T18:43:36.804 c/nvim.37387.0 server_start:197: Failed to start server: operation not permitted: /var/folders/g0/bqjxrwx50m155kl096cb26l40000gn/T/nvim.nematatu/bKCHTj/nvim.40490.0
WRN 2026-06-02T01:16:40.953 c/nvim.63373.0 server_start:197: Failed to start server: operation not permitted: /var/folders/g0/bqjxrwx50m155kl096cb26l40000gn/T/nvim.nematatu/QMfdIn/nvim.12494.0
WRN 2026-06-02T01:16:53.079 c/nvim.63373.0 server_start:197: Failed to start server: operation not permitted: /var/folders/g0/bqjxrwx50m155kl096cb26l40000gn/T/nvim.nematatu/yig6GA/nvim.12590.0
WRN 2026-06-02T01:17:05.287 c/nvim.63373.0 server_start:197: Failed to start server: operation not permitted: /var/folders/g0/bqjxrwx50m155kl096cb26l40000gn/T/nvim.nematatu/hRzEJ7/nvim.12648.0
WRN 2026-06-02T01:24:23.169 c/nvim.63373.0 server_start:197: Failed to start server: operation not permitted: /var/folders/g0/bqjxrwx50m155kl096cb26l40000gn/T/nvim.nematatu/8yzaF9/nvim.14374.0
WRN 2026-06-02T01:24:23.169 c/nvim.63373.0 server_start:197: Failed to start server: operation not permitted: /var/folders/g0/bqjxrwx50m155kl096cb26l40000gn/T/nvim.nematatu/JTeGQe/nvim.14372.0
WRN 2026-06-02T01:24:39.602 c/nvim.63373.0 server_start:197: Failed to start server: operation not permitted: /var/folders/g0/bqjxrwx50m155kl096cb26l40000gn/T/nvim.nematatu/cW0yvx/nvim.14459.0
WRN 2026-06-02T01:24:39.603 c/nvim.63373.0 server_start:197: Failed to start server: operation not permitted: /var/folders/g0/bqjxrwx50m155kl096cb26l40000gn/T/nvim.nematatu/QyUeW6/nvim.14461.0
WRN 2026-06-02T01:25:49.662 c/nvim.63373.0 server_start:197: Failed to start server: operation not permitted: /var/folders/g0/bqjxrwx50m155kl096cb26l40000gn/T/nvim.nematatu/ucwA7n/nvim.14800.0
WRN 2026-06-02T01:25:49.662 c/nvim.63373.0 server_start:197: Failed to start server: operation not permitted: /var/folders/g0/bqjxrwx50m155kl096cb26l40000gn/T/nvim.nematatu/5lKRVP/nvim.14801.0
WRN 2026-06-02T01:27:34.411 c/nvim.63373.0 server_start:197: Failed to start server: operation not permitted: /var/folders/g0/bqjxrwx50m155kl096cb26l40000gn/T/nvim.nematatu/wjBkk6/nvim.15172.0
WRN 2026-06-02T01:32:54.094 c/nvim.16444.0 server_start:197: Failed to start server: operation not permitted: /var/folders/g0/bqjxrwx50m155kl096cb26l40000gn/T/nvim.nematatu/XS1yLp/nvim.18723.0
WRN 2026-06-02T01:32:54.094 c/nvim.16444.0 server_start:197: Failed to start server: operation not permitted: /var/folders/g0/bqjxrwx50m155kl096cb26l40000gn/T/nvim.nematatu/hm1OvF/nvim.18724.0
WRN 2026-06-02T01:33:30.398 c/nvim.16444.0 server_start:197: Failed to start server: operation not permitted: /var/folders/g0/bqjxrwx50m155kl096cb26l40000gn/T/nvim.nematatu/q08iyM/nvim.19259.0
WRN 2026-06-02T01:34:03.304 c/nvim.16444.0 server_start:197: Failed to start server: operation not permitted: /var/folders/g0/bqjxrwx50m155kl096cb26l40000gn/T/nvim.nematatu/JXyLqM/nvim.19487.0
WRN 2026-06-02T01:34:03.304 c/nvim.16444.0 server_start:197: Failed to start server: operation not permitted: /var/folders/g0/bqjxrwx50m155kl096cb26l40000gn/T/nvim.nematatu/DomjdT/nvim.19488.0
WRN 2026-06-02T01:35:07.094 c/nvim.16444.0 server_start:197: Failed to start server: operation not permitted: /var/folders/g0/bqjxrwx50m155kl096cb26l40000gn/T/nvim.nematatu/SdDkpO/nvim.19723.0
WRN 2026-06-02T01:37:07.555 c/nvim.16444.0 server_start:197: Failed to start server: operation not permitted: /var/folders/g0/bqjxrwx50m155kl096cb26l40000gn/T/nvim.nematatu/mdYSI1/nvim.20291.0
WRN 2026-06-02T01:38:57.132 c/nvim.16444.0 server_start:197: Failed to start server: operation not permitted: /var/folders/g0/bqjxrwx50m155kl096cb26l40000gn/T/nvim.nematatu/E0PLHs/nvim.21143.0
WRN 2026-06-02T01:38:57.161 c/nvim.16444.0 server_start:197: Failed to start server: operation not permitted: /var/folders/g0/bqjxrwx50m155kl096cb26l40000gn/T/nvim.nematatu/hVxxPP/nvim.21144.0
WRN 2026-06-02T01:39:04.538 c/nvim.16444.0 server_start:197: Failed to start server: operation not permitted: /var/folders/g0/bqjxrwx50m155kl096cb26l40000gn/T/nvim.nematatu/Cv5Rq7/nvim.21201.0
WRN 2026-06-02T01:40:19.128 c/nvim.16444.0 server_start:197: Failed to start server: operation not permitted: /var/folders/g0/bqjxrwx50m155kl096cb26l40000gn/T/nvim.nematatu/in1lQt/nvim.21706.0
WRN 2026-06-02T01:41:16.991 c/nvim.16444.0 server_start:197: Failed to start server: operation not permitted: /var/folders/g0/bqjxrwx50m155kl096cb26l40000gn/T/nvim.nematatu/5daFoF/nvim.22245.0
WRN 2026-06-02T01:43:26.383 c/nvim.23426.0 server_start:197: Failed to start server: operation not permitted: /var/folders/g0/bqjxrwx50m155kl096cb26l40000gn/T/nvim.nematatu/QUzTuY/nvim.25371.0
WRN 2026-06-02T01:43:26.383 c/nvim.23426.0 server_start:197: Failed to start server: operation not permitted: /var/folders/g0/bqjxrwx50m155kl096cb26l40000gn/T/nvim.nematatu/hXkPCi/nvim.25370.0
WRN 2026-06-02T01:43:44.065 c/nvim.23426.0 server_start:197: Failed to start server: operation not permitted: /var/folders/g0/bqjxrwx50m155kl096cb26l40000gn/T/nvim.nematatu/Lz3f00/nvim.25469.0
WRN 2026-06-02T01:45:23.470 c/nvim.26517.0 server_start:197: Failed to start server: operation not permitted: /var/folders/g0/bqjxrwx50m155kl096cb26l40000gn/T/nvim.nematatu/uUYcBB/nvim.28252.0
WRN 2026-06-02T01:54:08.441 c/nvim.31902.0 server_start:197: Failed to start server: operation not permitted: /var/folders/g0/bqjxrwx50m155kl096cb26l40000gn/T/nvim.nematatu/AmsODd/nvim.33613.0
WRN 2026-06-02T02:00:24.219 c/nvim.34735.0 server_start:197: Failed to start server: operation not permitted: /var/folders/g0/bqjxrwx50m155kl096cb26l40000gn/T/nvim.nematatu/bHgj17/nvim.44733.0
WRN 2026-06-02T02:00:24.219 c/nvim.34735.0 server_start:197: Failed to start server: operation not permitted: /var/folders/g0/bqjxrwx50m155kl096cb26l40000gn/T/nvim.nematatu/cHXAng/nvim.44732.0
WRN 2026-06-02T02:00:40.812 c/nvim.34735.0 server_start:197: Failed to start server: operation not permitted: /var/folders/g0/bqjxrwx50m155kl096cb26l40000gn/T/nvim.nematatu/4uimBr/nvim.44783.0
WRN 2026-06-02T02:00:40.817 c/nvim.34735.0 server_start:197: Failed to start server: operation not permitted: /var/folders/g0/bqjxrwx50m155kl096cb26l40000gn/T/nvim.nematatu/OX1mrG/nvim.44785.0
WRN 2026-06-02T13:50:15.207 c/nvim.26341.0 server_start:197: Failed to start server: operation not permitted: /var/folders/g0/bqjxrwx50m155kl096cb26l40000gn/T/nvim.nematatu/OB6CSL/nvim.27674.0
